#
# There is insufficient memory for the Java Runtime Environment to continue.
# Native memory allocation (mmap) failed to map 130023424 bytes for G1 virtual space
# Possible reasons:
#   The system is out of physical RAM or swap space
#   The process is running with CompressedOops enabled, and the Java Heap may be blocking the growth of the native heap
# Possible solutions:
#   Reduce memory load on the system
#   Increase physical memory or swap space
#   Check if swap backing store is full
#   Decrease Java heap size (-Xmx/-Xms)
#   Decrease number of Java threads
#   Decrease Java thread stack sizes (-Xss)
#   Set larger code cache with -XX:ReservedCodeCacheSize=
#   JVM is running with Unscaled Compressed Oops mode in which the Java heap is
#     placed in the first 4GB address space. The Java Heap base address is the
#     maximum limit for the native heap growth. Please use -XX:HeapBaseMinAddress
#     to set the Java Heap base and to place the Java Heap above 4GB virtual address.
# This output file may be truncated or incomplete.
#
#  Out of Memory Error (os_windows.cpp:3528), pid=37200, tid=23108
#
# JRE version:  (20.0.1+9) (build )
# Java VM: Java HotSpot(TM) 64-Bit Server VM (20.0.1+9-29, mixed mode, sharing, tiered, compressed oops, compressed class ptrs, g1 gc, windows-amd64)
# No core dump will be written. Minidumps are not enabled by default on client versions of Windows
#

---------------  S U M M A R Y ------------

Command Line: -Dfile.encoding=UTF-8 --module-path=C:\Users\supri\Documents\NetBeansProjects\Quiz Application\build\classes quiz.application.Quiz

Host: 11th Gen Intel(R) Core(TM) i3-1115G4 @ 3.00GHz, 4 cores, 7G,  Windows 11 , 64 bit Build 22621 (10.0.22621.3374)
Time: Sun Jun  2 16:00:39 2024 India Standard Time elapsed time: 0.012137 seconds (0d 0h 0m 0s)

---------------  T H R E A D  ---------------

Current thread (0x000001e1da4fb990):  JavaThread "Unknown thread" [_thread_in_vm, id=23108, stack(0x000000ba78d00000,0x000000ba78e00000)]

Stack: [0x000000ba78d00000,0x000000ba78e00000]
Native frames: (J=compiled Java code, j=interpreted, Vv=VM code, C=native code)
V  [jvm.dll+0x6bb95a]
V  [jvm.dll+0x8485fa]
V  [jvm.dll+0x84a1f5]
V  [jvm.dll+0x84a8f3]
V  [jvm.dll+0x280b0f]
V  [jvm.dll+0x6b86e9]
V  [jvm.dll+0x6ad2da]
V  [jvm.dll+0x35adf5]
V  [jvm.dll+0x363016]
V  [jvm.dll+0x3b3b3e]
V  [jvm.dll+0x3b3dc5]
V  [jvm.dll+0x32b50a]
V  [jvm.dll+0x32c32b]
V  [jvm.dll+0x8112bf]
V  [jvm.dll+0x3c0d91]
V  [jvm.dll+0x7fcfe3]
V  [jvm.dll+0x44c76f]
V  [jvm.dll+0x44e0e1]
C  [jli.dll+0x5287]
C  [ucrtbase.dll+0x29333]
C  [KERNEL32.DLL+0x1257d]
C  [ntdll.dll+0x5aa48]


---------------  P R O C E S S  ---------------

Threads class SMR info:
_java_thread_list=0x00007ffa655fa098, length=0, elements={
}

Java Threads: ( => current thread )

Other Threads:
  0x000001e1da55a5e0 WorkerThread "GC Thread#0" [stack: 0x000000ba78e00000,0x000000ba78f00000] [id=39824]
  0x000001e1da56aa70 ConcurrentGCThread "G1 Main Marker" [stack: 0x000000ba78f00000,0x000000ba79000000] [id=31364]
  0x000001e1da56b4a0 WorkerThread "G1 Conc#0" [stack: 0x000000ba79000000,0x000000ba79100000] [id=32720]

[error occurred during error reporting (printing all threads), id 0xc0000005, EXCEPTION_ACCESS_VIOLATION (0xc0000005) at pc=0x00007ffa64ddeb47]
VM state: not at safepoint (not fully initialized)

VM Mutex/Monitor currently owned by a thread:  ([mutex/lock_event])
[0x000001e1da4fb4d0] Heap_lock - owner thread: 0x000001e1da4fb990

Heap address: 0x0000000085800000, size: 1960 MB, Compressed Oops mode: 32-bit

CDS archive(s) mapped at: [0x0000000000000000-0x0000000000000000-0x0000000000000000), size 0, SharedBaseAddress: 0x0000000800000000, ArchiveRelocationMode: 0.
Narrow klass base: 0x0000000000000000, Narrow klass shift: 0, Narrow klass range: 0x0

GC Precious Log:
 CardTable entry size: 512
 Card Set container configuration: InlinePtr #cards 5 size 8 Array Of Cards #cards 12 size 40 Howl #buckets 4 coarsen threshold 1843 Howl Bitmap #cards 512 size 80 coarsen threshold 460 Card regions per heap region 1 cards per card region 2048

Heap:
 garbage-first heap   total 0K, used 0K [0x0000000085800000, 0x0000000100000000)
  region size 1024K, 0 young (0K), 0 survivors (0K)

[error occurred during error reporting (printing heap information), id 0xc0000005, EXCEPTION_ACCESS_VIOLATION (0xc0000005) at pc=0x00007ffa651b3c59]
GC Heap History (0 events):
No events

Dll operation events (1 events):
Event: 0.009 Loaded shared library C:\Program Files\Java\jdk-20\bin\java.dll

Deoptimization events (0 events):
No events

Classes loaded (0 events):
No events

Classes unloaded (0 events):
No events

Classes redefined (0 events):
No events

Internal exceptions (0 events):
No events

VM Operations (0 events):
No events

Events (0 events):
No events


Dynamic libraries:
0x00007ff645b00000 - 0x00007ff645b10000 	C:\Program Files\Java\jdk-20\bin\java.exe
0x00007ffadbe30000 - 0x00007ffadc046000 	C:\windows\SYSTEM32\ntdll.dll
0x00007ffadb570000 - 0x00007ffadb634000 	C:\windows\System32\KERNEL32.DLL
0x00007ffad9340000 - 0x00007ffad96e7000 	C:\windows\System32\KERNELBASE.dll
0x00007ffad9760000 - 0x00007ffad9871000 	C:\windows\System32\ucrtbase.dll
0x00007ffac74c0000 - 0x00007ffac74db000 	C:\Program Files\Java\jdk-20\bin\VCRUNTIME140.dll
0x00007ffac9b80000 - 0x00007ffac9b99000 	C:\Program Files\Java\jdk-20\bin\jli.dll
0x00007ffadafa0000 - 0x00007ffadb052000 	C:\windows\System32\ADVAPI32.dll
0x00007ffadaef0000 - 0x00007ffadaf97000 	C:\windows\System32\msvcrt.dll
0x00007ffada7a0000 - 0x00007ffada848000 	C:\windows\System32\sechost.dll
0x00007ffad9b30000 - 0x00007ffad9b58000 	C:\windows\System32\bcrypt.dll
0x00007ffadadc0000 - 0x00007ffadaed5000 	C:\windows\System32\RPCRT4.dll
0x00007ffadbc40000 - 0x00007ffadbdee000 	C:\windows\System32\USER32.dll
0x00007ffad9b00000 - 0x00007ffad9b26000 	C:\windows\System32\win32u.dll
0x00007ffadab00000 - 0x00007ffadab29000 	C:\windows\System32\GDI32.dll
0x00007ffad99e0000 - 0x00007ffad9af9000 	C:\windows\System32\gdi32full.dll
0x00007ffad9880000 - 0x00007ffad991a000 	C:\windows\System32\msvcp_win.dll
0x00007ffab6420000 - 0x00007ffab66b3000 	C:\windows\WinSxS\amd64_microsoft.windows.common-controls_6595b64144ccf1df_6.0.22621.3235_none_270f74e173860f98\COMCTL32.dll
0x00007ffad1a20000 - 0x00007ffad1a2a000 	C:\windows\SYSTEM32\VERSION.dll
0x00007ffadaac0000 - 0x00007ffadaaf1000 	C:\windows\System32\IMM32.DLL
0x00007ffac9ea0000 - 0x00007ffac9eac000 	C:\Program Files\Java\jdk-20\bin\vcruntime140_1.dll
0x00007ffaa8a90000 - 0x00007ffaa8b1e000 	C:\Program Files\Java\jdk-20\bin\msvcp140.dll
0x00007ffa64aa0000 - 0x00007ffa65737000 	C:\Program Files\Java\jdk-20\bin\server\jvm.dll
0x00007ffad1a30000 - 0x00007ffad1a64000 	C:\windows\SYSTEM32\WINMM.dll
0x00007ffac9f00000 - 0x00007ffac9f09000 	C:\windows\SYSTEM32\WSOCK32.dll
0x00007ffadbbc0000 - 0x00007ffadbc31000 	C:\windows\System32\WS2_32.dll
0x00007ffad8160000 - 0x00007ffad8178000 	C:\windows\SYSTEM32\kernel.appcore.dll
0x00007ffac9b30000 - 0x00007ffac9b3a000 	C:\Program Files\Java\jdk-20\bin\jimage.dll
0x00007ffad6970000 - 0x00007ffad6ba3000 	C:\windows\SYSTEM32\DBGHELP.DLL
0x00007ffadb1e0000 - 0x00007ffadb568000 	C:\windows\System32\combase.dll
0x00007ffada8b0000 - 0x00007ffada987000 	C:\windows\System32\OLEAUT32.dll
0x00007ffaca9d0000 - 0x00007ffacaa02000 	C:\windows\SYSTEM32\dbgcore.DLL
0x00007ffad92c0000 - 0x00007ffad9339000 	C:\windows\System32\bcryptPrimitives.dll
0x00007ffac4e40000 - 0x00007ffac4e66000 	C:\Program Files\Java\jdk-20\bin\java.dll

dbghelp: loaded successfully - version: 4.0.5 - missing functions: none
symbol engine: initialized successfully - sym options: 0x614 - pdb path: .;C:\Program Files\Java\jdk-20\bin;C:\windows\SYSTEM32;C:\windows\WinSxS\amd64_microsoft.windows.common-controls_6595b64144ccf1df_6.0.22621.3235_none_270f74e173860f98;C:\Program Files\Java\jdk-20\bin\server

VM Arguments:
jvm_args: -Dfile.encoding=UTF-8 --module-path=C:\Users\supri\Documents\NetBeansProjects\Quiz Application\build\classes 
java_command: quiz.application.Quiz
java_class_path (initial): C:\Users\supri\Documents\NetBeansProjects\Quiz Application\build\classes
Launcher Type: SUN_STANDARD

[Global flags]
     intx CICompilerCount                          = 3                                         {product} {ergonomic}
     uint ConcGCThreads                            = 1                                         {product} {ergonomic}
     uint G1ConcRefinementThreads                  = 4                                         {product} {ergonomic}
   size_t G1HeapRegionSize                         = 1048576                                   {product} {ergonomic}
    uintx GCDrainStackTargetSize                   = 64                                        {product} {ergonomic}
   size_t InitialHeapSize                          = 130023424                                 {product} {ergonomic}
   size_t MarkStackSize                            = 4194304                                   {product} {ergonomic}
   size_t MaxHeapSize                              = 2055208960                                {product} {ergonomic}
   size_t MinHeapDeltaBytes                        = 1048576                                   {product} {ergonomic}
   size_t MinHeapSize                              = 8388608                                   {product} {ergonomic}
    uintx NonNMethodCodeHeapSize                   = 5832780                                {pd product} {ergonomic}
    uintx NonProfiledCodeHeapSize                  = 122912730                              {pd product} {ergonomic}
    uintx ProfiledCodeHeapSize                     = 122912730                              {pd product} {ergonomic}
    uintx ReservedCodeCacheSize                    = 251658240                              {pd product} {ergonomic}
     bool SegmentedCodeCache                       = true                                      {product} {ergonomic}
   size_t SoftMaxHeapSize                          = 2055208960                             {manageable} {ergonomic}
     bool UseCompressedClassPointers               = true                           {product lp64_product} {ergonomic}
     bool UseCompressedOops                        = true                           {product lp64_product} {ergonomic}
     bool UseG1GC                                  = true                                      {product} {ergonomic}
     bool UseLargePagesIndividualAllocation        = false                                  {pd product} {ergonomic}

Logging:
Log output configuration:
 #0: stdout all=warning uptime,level,tags foldmultilines=false
 #1: stderr all=off uptime,level,tags foldmultilines=false

Environment Variables:
JAVA_HOME=C:\Program Files\Java\jdk-20
PATH=C:\Program Files\Common Files\Oracle\Java\javapath;C:\windows\system32;C:\windows;C:\windows\System32\Wbem;C:\windows\System32\WindowsPowerShell\v1.0\;C:\windows\System32\OpenSSH\;C:\Program Files\Java\jdk-20\bin;C:\Program Files\Common Files\Oracle\Java\javapath;C:\Program Files\MySQL\MySQL Shell 8.0\bin\;C:\Users\supri\AppData\Local\Programs\Python\Python312\Scripts\;C:\Users\supri\AppData\Local\Programs\Python\Python312\;C:\Users\supri\AppData\Local\Programs\Eclipse Adoptium\jdk-17.0.7.7-hotspot\bin;C:\Users\supri\AppData\Local\Microsoft\WindowsApps;;C:\Users\supri\AppData\Local\Programs\Microsoft VS Code\bin
USERNAME=supri
OS=Windows_NT
PROCESSOR_IDENTIFIER=Intel64 Family 6 Model 140 Stepping 1, GenuineIntel
TMP=C:\Users\supri\AppData\Local\Temp
TEMP=C:\Users\supri\AppData\Local\Temp




---------------  S Y S T E M  ---------------

OS:
 Windows 11 , 64 bit Build 22621 (10.0.22621.3374)
OS uptime: 31 days 14:10 hours
Hyper-V role detected

CPU: total 4 (initial active 4) (2 cores per cpu, 2 threads per core) family 6 model 140 stepping 1 microcode 0xb4, cx8, cmov, fxsr, ht, mmx, 3dnowpref, sse, sse2, sse3, ssse3, sse4.1, sse4.2, popcnt, lzcnt, tsc, tscinvbit, avx, avx2, aes, erms, clmul, bmi1, bmi2, adx, avx512f, avx512dq, avx512cd, avx512bw, avx512vl, sha, fma, vzeroupper, avx512_vpopcntdq, avx512_vpclmulqdq, avx512_vaes, avx512_vnni, clflush, clflushopt, clwb, avx512_vbmi2, avx512_vbmi, hv, rdtscp, rdpid, fsrm, gfni, avx512_bitalg, f16c, cet_ibt, cet_ss, avx512_ifma

Memory: 4k page, system-wide physical 7835M (224M free)
TotalPageFile size 31387M (AvailPageFile size 49M)
current process WorkingSet (physical memory assigned to process): 11M, peak: 11M
current process commit charge ("private bytes"): 52M, peak: 176M

vm_info: Java HotSpot(TM) 64-Bit Server VM (20.0.1+9-29) for windows-amd64 JRE (20.0.1+9-29), built on 2023-03-07T13:56:11Z by "mach5one" with MS VC++ 17.1 (VS2022)

END.
